Registered routes:
  static: /static/<path:filename>
  index: /
  dashboard: /dashboard
  connect_db: /connect
  disconnect: /disconnect
  stats: /stats
  constants: /constants
  facilities: /facilities
  view_facility: /facilities/<int:facility_id>
  add_facility: /facilities/add
  edit_facility: /facilities/<int:facility_id>/edit
  leagues: /leagues
  add_league: /leagues/add
  view_league: /leagues/<int:league_id>/view
  view_league: /leagues/<int:league_id>
  edit_league: /leagues/<int:league_id>/edit
  generate_matches: /generate-matches
  api_get_league: /api/leagues/<int:league_id>
  api_generate_matches: /api/leagues/<int:league_id>/generate-matches
  api_list_leagues: /api/leagues
  api_bulk_generate_matches: /api/leagues/bulk-generate-matches
  api_delete_league: /api/leagues/<int:league_id>
  teams: /teams
  add_team: /teams/add
  view_team: /teams/<int:team_id>
  edit_team: /teams/<int:team_id>/edit
  delete_team_api: /teams/<int:team_id>/delete
  api_teams_by_league: /api/teams/<int:league_id>
  migrate_teams_to_facility_names: /admin/migrate-teams
  api_teams_by_facility_name: /api/teams/by-facility/<facility_name>
  matches: /matches
  view_match: /matches/<int:match_id>
  unschedule_match: /matches/<int:match_id>/schedule
  schedule_match: /matches/<int:match_id>/schedule
  delete_match: /matches/<int:match_id>
  api_import_matches: /api/import-matches
  bulk_auto_schedule: /api/bulk-auto-schedule
  bulk_unschedule: /api/bulk-unschedule
  bulk_delete: /api/bulk-delete
  schedule: /schedule
  analyze_file: /api/import-export/analyze
  import_data: /api/import-export/import
  export_data: /api/import-export/export
  get_example: /api/import-export/examples/<example_type>
  get_component_info: /api/import-export/components
  schedule.schedule_match_form: /matches/<int:match_id>/schedule
  schedule.api_schedule_match: /api/schedule/match
  schedule.api_facility_availability: /api/schedule/facility-availability/<int:facility_id>/<date>
  schedule.refresh_scheduling_options: /matches/<int:match_id>/schedule/refresh-options
  schedule.api_preview_schedule_match: /api/schedule/match/preview
No database backend configured. Use connect route to configure database.
 * Serving Flask app 'web_app'
 * Debug mode: on
2025-07-05 19:14:07,027 - INFO - _internal.py:97 - [31m[1mWARNING: This is a development server. Do not use it in a production deployment. Use a production WSGI server instead.[0m
 * Running on all addresses (0.0.0.0)
 * Running on http://127.0.0.1:5000
 * Running on http://192.168.2.115:5000
2025-07-05 19:14:07,027 - INFO - _internal.py:97 - [33mPress CTRL+C to quit[0m
2025-07-05 19:14:07,032 - INFO - _internal.py:97 -  * Restarting with watchdog (fsevents)
2025-07-05 19:14:07,270 - WARNING - _internal.py:97 -  * Debugger is active!
2025-07-05 19:14:07,275 - INFO - _internal.py:97 -  * Debugger PIN: 134-815-028
2025-07-05 19:14:12,869 - INFO - _internal.py:97 - 192.168.2.115 - - [05/Jul/2025 19:14:12] "[32mGET /dashboard HTTP/1.1[0m" 302 -
2025-07-05 19:14:12,909 - INFO - _internal.py:97 - 192.168.2.115 - - [05/Jul/2025 19:14:12] "GET / HTTP/1.1" 200 -
2025-07-05 19:14:12,930 - INFO - _internal.py:97 - 192.168.2.115 - - [05/Jul/2025 19:14:12] "[36mGET /static/ameo-analytics-logo.png HTTP/1.1[0m" 304 -
2025-07-05 19:14:16,826 - INFO - _internal.py:97 - 192.168.2.115 - - [05/Jul/2025 19:14:16] "[32mPOST /connect HTTP/1.1[0m" 302 -
2025-07-05 19:14:16,833 - INFO - _internal.py:97 - 192.168.2.115 - - [05/Jul/2025 19:14:16] "GET /dashboard HTTP/1.1" 200 -
2025-07-05 19:14:16,836 - DEBUG - fsevents.py:171 - NativeEvent(path="/Users/raoldfi/Workspace/tennis-app/tennis.db-wal", inode=5629870, flags=10100, id=3389228): is_created, is_file
2025-07-05 19:14:16,836 - DEBUG - fsevents.py:171 - NativeEvent(path="/Users/raoldfi/Workspace/tennis-app/tennis.db-shm", inode=5629871, flags=10500, id=3389234): is_created, is_file, is_inode_meta_mod
2025-07-05 19:14:16,836 - DEBUG - fsevents.py:101 - queue_event FileCreatedEvent(src_path='/Users/raoldfi/Workspace/tennis-app/tennis.db-wal', dest_path='', event_type='created', is_directory=False, is_synthetic=False)
2025-07-05 19:14:16,836 - DEBUG - fsevents.py:101 - queue_event DirModifiedEvent(src_path='/Users/raoldfi/Workspace/tennis-app', dest_path='', event_type='modified', is_directory=True, is_synthetic=False)
2025-07-05 19:14:16,836 - DEBUG - fsevents.py:101 - queue_event FileCreatedEvent(src_path='/Users/raoldfi/Workspace/tennis-app/tennis.db-shm', dest_path='', event_type='created', is_directory=False, is_synthetic=False)
2025-07-05 19:14:16,836 - DEBUG - fsevents.py:101 - queue_event DirModifiedEvent(src_path='/Users/raoldfi/Workspace/tennis-app', dest_path='', event_type='modified', is_directory=True, is_synthetic=False)
2025-07-05 19:14:16,837 - DEBUG - fsevents.py:101 - queue_event FileModifiedEvent(src_path='/Users/raoldfi/Workspace/tennis-app/tennis.db-shm', dest_path='', event_type='modified', is_directory=False, is_synthetic=False)
2025-07-05 19:14:16,848 - DEBUG - fsevents.py:171 - NativeEvent(path="/Users/raoldfi/Workspace/tennis-app/tennis.db-shm", inode=5629871, flags=11700, id=3389252): is_coalesced, is_created, is_file, is_inode_meta_mod, is_modified, is_removed
2025-07-05 19:14:16,848 - DEBUG - fsevents.py:171 - NativeEvent(path="/Users/raoldfi/Workspace/tennis-app/tennis.db-wal", inode=5629870, flags=10300, id=3389258): is_coalesced, is_created, is_file, is_removed
2025-07-05 19:14:16,848 - DEBUG - fsevents.py:101 - queue_event FileModifiedEvent(src_path='/Users/raoldfi/Workspace/tennis-app/tennis.db-shm', dest_path='', event_type='modified', is_directory=False, is_synthetic=False)
2025-07-05 19:14:16,848 - DEBUG - fsevents.py:101 - queue_event FileDeletedEvent(src_path='/Users/raoldfi/Workspace/tennis-app/tennis.db-shm', dest_path='', event_type='deleted', is_directory=False, is_synthetic=False)
2025-07-05 19:14:16,849 - DEBUG - fsevents.py:101 - queue_event DirModifiedEvent(src_path='/Users/raoldfi/Workspace/tennis-app', dest_path='', event_type='modified', is_directory=True, is_synthetic=False)
2025-07-05 19:14:16,849 - DEBUG - fsevents.py:101 - queue_event FileDeletedEvent(src_path='/Users/raoldfi/Workspace/tennis-app/tennis.db-wal', dest_path='', event_type='deleted', is_directory=False, is_synthetic=False)
2025-07-05 19:14:16,849 - DEBUG - fsevents.py:101 - queue_event DirModifiedEvent(src_path='/Users/raoldfi/Workspace/tennis-app', dest_path='', event_type='modified', is_directory=True, is_synthetic=False)
2025-07-05 19:14:18,342 - INFO - _internal.py:97 - 192.168.2.115 - - [05/Jul/2025 19:14:18] "GET /dashboard HTTP/1.1" 200 -
2025-07-05 19:14:18,367 - INFO - _internal.py:97 - 192.168.2.115 - - [05/Jul/2025 19:14:18] "[36mGET /static/ameo-analytics-logo.png HTTP/1.1[0m" 304 -
2025-07-05 19:14:19,984 - DEBUG - fsevents.py:171 - NativeEvent(path="/Users/raoldfi/Workspace/tennis-app/tennis.db-wal", inode=5629875, flags=10100, id=3389303): is_created, is_file
2025-07-05 19:14:19,988 - DEBUG - fsevents.py:171 - NativeEvent(path="/Users/raoldfi/Workspace/tennis-app/tennis.db-shm", inode=5629876, flags=10500, id=3389309): is_created, is_file, is_inode_meta_mod
2025-07-05 19:14:19,988 - DEBUG - fsevents.py:101 - queue_event FileCreatedEvent(src_path='/Users/raoldfi/Workspace/tennis-app/tennis.db-wal', dest_path='', event_type='created', is_directory=False, is_synthetic=False)
2025-07-05 19:14:19,988 - DEBUG - fsevents.py:101 - queue_event DirModifiedEvent(src_path='/Users/raoldfi/Workspace/tennis-app', dest_path='', event_type='modified', is_directory=True, is_synthetic=False)
2025-07-05 19:14:19,989 - DEBUG - fsevents.py:101 - queue_event FileCreatedEvent(src_path='/Users/raoldfi/Workspace/tennis-app/tennis.db-shm', dest_path='', event_type='created', is_directory=False, is_synthetic=False)
2025-07-05 19:14:19,989 - DEBUG - fsevents.py:101 - queue_event DirModifiedEvent(src_path='/Users/raoldfi/Workspace/tennis-app', dest_path='', event_type='modified', is_directory=True, is_synthetic=False)
2025-07-05 19:14:19,990 - DEBUG - fsevents.py:101 - queue_event FileModifiedEvent(src_path='/Users/raoldfi/Workspace/tennis-app/tennis.db-shm', dest_path='', event_type='modified', is_directory=False, is_synthetic=False)
2025-07-05 19:14:19,991 - INFO - _internal.py:97 - 192.168.2.115 - - [05/Jul/2025 19:14:19] "GET /leagues HTTP/1.1" 200 -
2025-07-05 19:14:20,006 - DEBUG - fsevents.py:171 - NativeEvent(path="/Users/raoldfi/Workspace/tennis-app/tennis.db-shm", inode=5629876, flags=11700, id=3389315): is_coalesced, is_created, is_file, is_inode_meta_mod, is_modified, is_removed
2025-07-05 19:14:20,006 - DEBUG - fsevents.py:171 - NativeEvent(path="/Users/raoldfi/Workspace/tennis-app/tennis.db-wal", inode=5629875, flags=10300, id=3389318): is_coalesced, is_created, is_file, is_removed
2025-07-05 19:14:20,006 - DEBUG - fsevents.py:101 - queue_event FileModifiedEvent(src_path='/Users/raoldfi/Workspace/tennis-app/tennis.db-shm', dest_path='', event_type='modified', is_directory=False, is_synthetic=False)
2025-07-05 19:14:20,006 - DEBUG - fsevents.py:101 - queue_event FileDeletedEvent(src_path='/Users/raoldfi/Workspace/tennis-app/tennis.db-shm', dest_path='', event_type='deleted', is_directory=False, is_synthetic=False)
2025-07-05 19:14:20,006 - DEBUG - fsevents.py:101 - queue_event DirModifiedEvent(src_path='/Users/raoldfi/Workspace/tennis-app', dest_path='', event_type='modified', is_directory=True, is_synthetic=False)
2025-07-05 19:14:20,006 - INFO - _internal.py:97 - 192.168.2.115 - - [05/Jul/2025 19:14:20] "[36mGET /static/ameo-analytics-logo.png HTTP/1.1[0m" 304 -
2025-07-05 19:14:20,006 - DEBUG - fsevents.py:101 - queue_event FileDeletedEvent(src_path='/Users/raoldfi/Workspace/tennis-app/tennis.db-wal', dest_path='', event_type='deleted', is_directory=False, is_synthetic=False)
2025-07-05 19:14:20,009 - DEBUG - fsevents.py:101 - queue_event DirModifiedEvent(src_path='/Users/raoldfi/Workspace/tennis-app', dest_path='', event_type='modified', is_directory=True, is_synthetic=False)
2025-07-05 19:14:26,228 - INFO - sql_facility_manager.py:229 - Fetched 2 facility rows from database
2025-07-05 19:14:26,228 - INFO - sql_facility_manager.py:360 - Completed list_facilities, returning 2 facilities
2025-07-05 19:14:26,240 - DEBUG - fsevents.py:171 - NativeEvent(path="/Users/raoldfi/Workspace/tennis-app/tennis.db-wal", inode=5629900, flags=10100, id=3389729): is_created, is_file
2025-07-05 19:14:26,240 - DEBUG - fsevents.py:171 - NativeEvent(path="/Users/raoldfi/Workspace/tennis-app/tennis.db-shm", inode=5629901, flags=10500, id=3389735): is_created, is_file, is_inode_meta_mod
2025-07-05 19:14:26,249 - DEBUG - fsevents.py:101 - queue_event FileCreatedEvent(src_path='/Users/raoldfi/Workspace/tennis-app/tennis.db-wal', dest_path='', event_type='created', is_directory=False, is_synthetic=False)
2025-07-05 19:14:26,249 - DEBUG - fsevents.py:101 - queue_event DirModifiedEvent(src_path='/Users/raoldfi/Workspace/tennis-app', dest_path='', event_type='modified', is_directory=True, is_synthetic=False)
2025-07-05 19:14:26,250 - DEBUG - fsevents.py:101 - queue_event FileCreatedEvent(src_path='/Users/raoldfi/Workspace/tennis-app/tennis.db-shm', dest_path='', event_type='created', is_directory=False, is_synthetic=False)
2025-07-05 19:14:26,250 - DEBUG - fsevents.py:101 - queue_event DirModifiedEvent(src_path='/Users/raoldfi/Workspace/tennis-app', dest_path='', event_type='modified', is_directory=True, is_synthetic=False)
2025-07-05 19:14:26,250 - DEBUG - fsevents.py:101 - queue_event FileModifiedEvent(src_path='/Users/raoldfi/Workspace/tennis-app/tennis.db-shm', dest_path='', event_type='modified', is_directory=False, is_synthetic=False)
2025-07-05 19:14:26,294 - INFO - _internal.py:97 - 192.168.2.115 - - [05/Jul/2025 19:14:26] "GET /matches HTTP/1.1" 200 -
2025-07-05 19:14:26,299 - DEBUG - fsevents.py:171 - NativeEvent(path="/Users/raoldfi/Workspace/tennis-app/tennis.db-shm", inode=5629901, flags=11700, id=3389741): is_coalesced, is_created, is_file, is_inode_meta_mod, is_modified, is_removed
2025-07-05 19:14:26,300 - DEBUG - fsevents.py:171 - NativeEvent(path="/Users/raoldfi/Workspace/tennis-app/tennis.db-wal", inode=5629900, flags=10300, id=3389744): is_coalesced, is_created, is_file, is_removed
2025-07-05 19:14:26,300 - DEBUG - fsevents.py:101 - queue_event FileModifiedEvent(src_path='/Users/raoldfi/Workspace/tennis-app/tennis.db-shm', dest_path='', event_type='modified', is_directory=False, is_synthetic=False)
2025-07-05 19:14:26,300 - DEBUG - fsevents.py:101 - queue_event FileDeletedEvent(src_path='/Users/raoldfi/Workspace/tennis-app/tennis.db-shm', dest_path='', event_type='deleted', is_directory=False, is_synthetic=False)
2025-07-05 19:14:26,300 - DEBUG - fsevents.py:101 - queue_event DirModifiedEvent(src_path='/Users/raoldfi/Workspace/tennis-app', dest_path='', event_type='modified', is_directory=True, is_synthetic=False)
2025-07-05 19:14:26,300 - DEBUG - fsevents.py:101 - queue_event FileDeletedEvent(src_path='/Users/raoldfi/Workspace/tennis-app/tennis.db-wal', dest_path='', event_type='deleted', is_directory=False, is_synthetic=False)
2025-07-05 19:14:26,300 - DEBUG - fsevents.py:101 - queue_event DirModifiedEvent(src_path='/Users/raoldfi/Workspace/tennis-app', dest_path='', event_type='modified', is_directory=True, is_synthetic=False)
2025-07-05 19:14:26,308 - INFO - _internal.py:97 - 192.168.2.115 - - [05/Jul/2025 19:14:26] "[36mGET /static/ameo-analytics-logo.png HTTP/1.1[0m" 304 -
2025-07-05 19:14:32,597 - DEBUG - fsevents.py:171 - NativeEvent(path="/Users/raoldfi/Workspace/tennis-app/tennis.db-wal", inode=5629908, flags=10100, id=3389925): is_created, is_file
2025-07-05 19:14:32,598 - DEBUG - fsevents.py:171 - NativeEvent(path="/Users/raoldfi/Workspace/tennis-app/tennis.db-shm", inode=5629909, flags=10500, id=3389931): is_created, is_file, is_inode_meta_mod
2025-07-05 19:14:32,598 - DEBUG - fsevents.py:101 - queue_event FileCreatedEvent(src_path='/Users/raoldfi/Workspace/tennis-app/tennis.db-wal', dest_path='', event_type='created', is_directory=False, is_synthetic=False)
2025-07-05 19:14:32,598 - DEBUG - fsevents.py:101 - queue_event DirModifiedEvent(src_path='/Users/raoldfi/Workspace/tennis-app', dest_path='', event_type='modified', is_directory=True, is_synthetic=False)
2025-07-05 19:14:32,609 - DEBUG - fsevents.py:101 - queue_event FileCreatedEvent(src_path='/Users/raoldfi/Workspace/tennis-app/tennis.db-shm', dest_path='', event_type='created', is_directory=False, is_synthetic=False)
2025-07-05 19:14:32,609 - DEBUG - fsevents.py:101 - queue_event DirModifiedEvent(src_path='/Users/raoldfi/Workspace/tennis-app', dest_path='', event_type='modified', is_directory=True, is_synthetic=False)
2025-07-05 19:14:32,609 - DEBUG - fsevents.py:101 - queue_event FileModifiedEvent(src_path='/Users/raoldfi/Workspace/tennis-app/tennis.db-shm', dest_path='', event_type='modified', is_directory=False, is_synthetic=False)
2025-07-05 19:14:32,625 - INFO - _internal.py:97 - 192.168.2.115 - - [05/Jul/2025 19:14:32] "GET /teams HTTP/1.1" 200 -
2025-07-05 19:14:32,630 - DEBUG - fsevents.py:171 - NativeEvent(path="/Users/raoldfi/Workspace/tennis-app/tennis.db-shm", inode=5629909, flags=11700, id=3389937): is_coalesced, is_created, is_file, is_inode_meta_mod, is_modified, is_removed
2025-07-05 19:14:32,630 - DEBUG - fsevents.py:171 - NativeEvent(path="/Users/raoldfi/Workspace/tennis-app/tennis.db-wal", inode=5629908, flags=10300, id=3389940): is_coalesced, is_created, is_file, is_removed
2025-07-05 19:14:32,630 - DEBUG - fsevents.py:101 - queue_event FileModifiedEvent(src_path='/Users/raoldfi/Workspace/tennis-app/tennis.db-shm', dest_path='', event_type='modified', is_directory=False, is_synthetic=False)
2025-07-05 19:14:32,630 - DEBUG - fsevents.py:101 - queue_event FileDeletedEvent(src_path='/Users/raoldfi/Workspace/tennis-app/tennis.db-shm', dest_path='', event_type='deleted', is_directory=False, is_synthetic=False)
2025-07-05 19:14:32,630 - DEBUG - fsevents.py:101 - queue_event DirModifiedEvent(src_path='/Users/raoldfi/Workspace/tennis-app', dest_path='', event_type='modified', is_directory=True, is_synthetic=False)
2025-07-05 19:14:32,631 - DEBUG - fsevents.py:101 - queue_event FileDeletedEvent(src_path='/Users/raoldfi/Workspace/tennis-app/tennis.db-wal', dest_path='', event_type='deleted', is_directory=False, is_synthetic=False)
2025-07-05 19:14:32,631 - DEBUG - fsevents.py:101 - queue_event DirModifiedEvent(src_path='/Users/raoldfi/Workspace/tennis-app', dest_path='', event_type='modified', is_directory=True, is_synthetic=False)
2025-07-05 19:14:32,640 - INFO - _internal.py:97 - 192.168.2.115 - - [05/Jul/2025 19:14:32] "[36mGET /static/ameo-analytics-logo.png HTTP/1.1[0m" 304 -
Registered routes:
  static: /static/<path:filename>
  index: /
  dashboard: /dashboard
  connect_db: /connect
  disconnect: /disconnect
  stats: /stats
  constants: /constants
  facilities: /facilities
  view_facility: /facilities/<int:facility_id>
  add_facility: /facilities/add
  edit_facility: /facilities/<int:facility_id>/edit
  leagues: /leagues
  add_league: /leagues/add
  view_league: /leagues/<int:league_id>/view
  view_league: /leagues/<int:league_id>
  edit_league: /leagues/<int:league_id>/edit
  generate_matches: /generate-matches
  api_get_league: /api/leagues/<int:league_id>
  api_generate_matches: /api/leagues/<int:league_id>/generate-matches
  api_list_leagues: /api/leagues
  api_bulk_generate_matches: /api/leagues/bulk-generate-matches
  api_delete_league: /api/leagues/<int:league_id>
  teams: /teams
  add_team: /teams/add
  view_team: /teams/<int:team_id>
  edit_team: /teams/<int:team_id>/edit
  delete_team_api: /teams/<int:team_id>/delete
  api_teams_by_league: /api/teams/<int:league_id>
  migrate_teams_to_facility_names: /admin/migrate-teams
  api_teams_by_facility_name: /api/teams/by-facility/<facility_name>
  matches: /matches
  view_match: /matches/<int:match_id>
  unschedule_match: /matches/<int:match_id>/schedule
  schedule_match: /matches/<int:match_id>/schedule
  delete_match: /matches/<int:match_id>
  api_import_matches: /api/import-matches
  bulk_auto_schedule: /api/bulk-auto-schedule
  bulk_unschedule: /api/bulk-unschedule
  bulk_delete: /api/bulk-delete
  schedule: /schedule
  analyze_file: /api/import-export/analyze
  import_data: /api/import-export/import
  export_data: /api/import-export/export
  get_example: /api/import-export/examples/<example_type>
  get_component_info: /api/import-export/components
  schedule.schedule_match_form: /matches/<int:match_id>/schedule
  schedule.api_schedule_match: /api/schedule/match
  schedule.api_facility_availability: /api/schedule/facility-availability/<int:facility_id>/<date>
  schedule.refresh_scheduling_options: /matches/<int:match_id>/schedule/refresh-options
  schedule.api_preview_schedule_match: /api/schedule/match/preview
No database backend configured. Use connect route to configure database.
DEBUG: Creating team from data: {'id': 2001, 'league_id': 201, 'name': 'Team 1', 'captain': 'Babbitt', 'home_facility_id': 18, 'preferred_days': 'Saturday,Sunday'}
DEBUG: team_data['id'] = 2001 (type: <class 'int'>)
DEBUG: league = League(id=201, name='2025 Adult 18+ 4.5 Women', year=2025, section='Southwest', region='Northern New Mexico', age_group='18 & Over', division='4.5 Women', num_lines_per_match=5, num_matches=10, allow_split_lines=False, preferred_days=['Thursday', 'Sunday'], backup_days=['Wednesday', 'Saturday'], start_date='2025-03-01', end_date='2025-05-01') (ID: 201)
DEBUG: facility = Facility(id=18, name='El Gancho Fitness Swim Club', short_name='EG', location='El Gancho Fitness Swim Club, Santa Fe, NM', total_courts=0) (ID: 18)
DEBUG: Successfully created team Team 1 with ID 2001
DEBUG: Creating team from data: {'id': 2002, 'league_id': 201, 'name': 'Team 2', 'captain': 'Lowe', 'home_facility_id': 14, 'preferred_days': ''}
DEBUG: team_data['id'] = 2002 (type: <class 'int'>)
DEBUG: league = League(id=201, name='2025 Adult 18+ 4.5 Women', year=2025, section='Southwest', region='Northern New Mexico', age_group='18 & Over', division='4.5 Women', num_lines_per_match=5, num_matches=10, allow_split_lines=False, preferred_days=['Thursday', 'Sunday'], backup_days=['Wednesday', 'Saturday'], start_date='2025-03-01', end_date='2025-05-01') (ID: 201)
DEBUG: facility = Facility(id=14, name='Lobo Club Tennis', short_name='LOBO', location='Lobo Club Tennis, Albuquerque, NM', total_courts=0) (ID: 14)
DEBUG: Successfully created team Team 2 with ID 2002
League 2025 Adult 18+ 4.5 Women has 2 teams
Trying to get Matches for League = League(id=201, name='2025 Adult 18+ 4.5 Women', year=2025, section='Southwest', region='Northern New Mexico', age_group='18 & Over', division='4.5 Women', num_lines_per_match=5, num_matches=10, allow_split_lines=False, preferred_days=['Thursday', 'Sunday'], backup_days=['Wednesday', 'Saturday'], start_date='2025-03-01', end_date='2025-05-01'), match_type=all, facility=None, team=None
Query: SELECT id FROM matches WHERE league_id = ? ORDER BY id
Params: [201]
Found 10 matches
League 2025 Adult 18+ 4.5 Women has 10 matches
Trying to get Matches for League = None, match_type=all
Trying to get Matches for League = None, match_type=all, facility=None, team=None
Query: SELECT id FROM matches ORDER BY id
Params: []
Found 10 matches
DEBUG: Creating team from data: {'id': 2001, 'league_id': 201, 'name': 'Team 1', 'captain': 'Babbitt', 'home_facility_id': 18, 'preferred_days': 'Saturday,Sunday'}
DEBUG: team_data['id'] = 2001 (type: <class 'int'>)
DEBUG: league = League(id=201, name='2025 Adult 18+ 4.5 Women', year=2025, section='Southwest', region='Northern New Mexico', age_group='18 & Over', division='4.5 Women', num_lines_per_match=5, num_matches=10, allow_split_lines=False, preferred_days=['Thursday', 'Sunday'], backup_days=['Wednesday', 'Saturday'], start_date='2025-03-01', end_date='2025-05-01') (ID: 201)
DEBUG: facility = Facility(id=18, name='El Gancho Fitness Swim Club', short_name='EG', location='El Gancho Fitness Swim Club, Santa Fe, NM', total_courts=0) (ID: 18)
DEBUG: Successfully created team Team 1 with ID 2001
DEBUG: Creating team from data: {'id': 2002, 'league_id': 201, 'name': 'Team 2', 'captain': 'Lowe', 'home_facility_id': 14, 'preferred_days': ''}
DEBUG: team_data['id'] = 2002 (type: <class 'int'>)
DEBUG: league = League(id=201, name='2025 Adult 18+ 4.5 Women', year=2025, section='Southwest', region='Northern New Mexico', age_group='18 & Over', division='4.5 Women', num_lines_per_match=5, num_matches=10, allow_split_lines=False, preferred_days=['Thursday', 'Sunday'], backup_days=['Wednesday', 'Saturday'], start_date='2025-03-01', end_date='2025-05-01') (ID: 201)
DEBUG: facility = Facility(id=14, name='Lobo Club Tennis', short_name='LOBO', location='Lobo Club Tennis, Albuquerque, NM', total_courts=0) (ID: 14)
DEBUG: Successfully created team Team 2 with ID 2002
TRYING TO LIST TEAMS IN WEB APP
DEBUG: Creating team from data: {'id': 2001, 'league_id': 201, 'name': 'Team 1', 'captain': 'Babbitt', 'home_facility_id': 18, 'preferred_days': 'Saturday,Sunday'}
DEBUG: team_data['id'] = 2001 (type: <class 'int'>)
DEBUG: league = League(id=201, name='2025 Adult 18+ 4.5 Women', year=2025, section='Southwest', region='Northern New Mexico', age_group='18 & Over', division='4.5 Women', num_lines_per_match=5, num_matches=10, allow_split_lines=False, preferred_days=['Thursday', 'Sunday'], backup_days=['Wednesday', 'Saturday'], start_date='2025-03-01', end_date='2025-05-01') (ID: 201)
DEBUG: facility = Facility(id=18, name='El Gancho Fitness Swim Club', short_name='EG', location='El Gancho Fitness Swim Club, Santa Fe, NM', total_courts=0) (ID: 18)
DEBUG: Successfully created team Team 1 with ID 2001
DEBUG: Creating team from data: {'id': 2002, 'league_id': 201, 'name': 'Team 2', 'captain': 'Lowe', 'home_facility_id': 14, 'preferred_days': ''}
DEBUG: team_data['id'] = 2002 (type: <class 'int'>)
DEBUG: league = League(id=201, name='2025 Adult 18+ 4.5 Women', year=2025, section='Southwest', region='Northern New Mexico', age_group='18 & Over', division='4.5 Women', num_lines_per_match=5, num_matches=10, allow_split_lines=False, preferred_days=['Thursday', 'Sunday'], backup_days=['Wednesday', 'Saturday'], start_date='2025-03-01', end_date='2025-05-01') (ID: 201)
DEBUG: facility = Facility(id=14, name='Lobo Club Tennis', short_name='LOBO', location='Lobo Club Tennis, Albuquerque, NM', total_courts=0) (ID: 14)
DEBUG: Successfully created team Team 2 with ID 2002
FOUND 2 teams
